Arguments: 
  /usr/local/lib/nodejs/node-v10.16.3-linux-x64/bin/node /home/ifan/.yarn/bin/yarn.js init

PATH: 
  /home/ifan/.sdkman/candidates/gradle/current/bin:/home/ifan/.yarn/bin:/home/ifan/.config/yarn/global/node_modules/.bin:/usr/local/lib/nodejs/node-v10.16.3-linux-x64/bin:/home/ifan/.npm-packages/bin:/opt/go/bin:/media/PROGRAM/Support/linux/bin:/usr/local/sbin:/usr/local/bin:/usr/sbin:/usr/bin:/sbin:/bin:/usr/games:/usr/local/games:/snap/bin:/usr/lib/jvm/java-11-oracle/bin:/usr/lib/jvm/java-11-oracle/db/bin:/media/PROGRAM/Android/sdk/emulator:/media/PROGRAM/Android/sdk/tools:/media/PROGRAM/Android/sdk/tools/bin:/media/PROGRAM/Android/sdk/platform-tools

Yarn version: 
  1.22.5

Node version: 
  10.16.3

Platform: 
  linux x64

Trace: 
  Error: canceled
      at Interface.<anonymous> (/home/ifan/.yarn/lib/cli.js:137009:13)
      at Interface.emit (events.js:198:13)
      at Interface._ttyWrite (readline.js:801:16)
      at ReadStream.onkeypress (readline.js:184:10)
      at ReadStream.emit (events.js:198:13)
      at emitKeys (internal/readline.js:424:14)
      at emitKeys.next (<anonymous>)
      at ReadStream.onData (readline.js:1075:36)
      at ReadStream.emit (events.js:198:13)
      at addChunk (_stream_readable.js:288:12)

npm manifest: 
  No manifest

yarn manifest: 
  No manifest

Lockfile: 
  No lockfile
